2016-09-25 08:33:54,725 [Thread-10:123145310715904] [blog.views:96] [views:comment_post] [ERROR] - 'content'
2016-09-26 14:50:10,679 [Thread-14:123145323335680] [blog.views:159] [views:login] [ERROR] - failure.html
2016-09-26 14:51:26,278 [Thread-7:123145323335680] [blog.views:160] [views:login] [ERROR] - failure.html
2016-09-26 14:51:37,549 [Thread-14:123145323335680] [blog.views:160] [views:login] [ERROR] - failure.html
2016-09-26 14:57:29,369 [Thread-15:123145323335680] [blog.views:160] [views:login] [ERROR] - failure.html
2016-09-26 14:57:29,395 [Thread-18:123145327542272] [blog.views:160] [views:login] [ERROR] - failure.html
2016-09-26 14:57:29,795 [Thread-21:123145331748864] [blog.views:160] [views:login] [ERROR] - login() takes exactly 1 argument (2 given)
2016-09-27 02:53:54,354 [Thread-24:123145323335680] [blog.views:174] [views:do_login] [ERROR] - failure.html
2016-09-27 02:56:49,559 [Thread-10:123145323335680] [blog.views:174] [views:do_login] [ERROR] - failure.html
2016-09-27 02:57:21,334 [Thread-18:123145323335680] [blog.views:174] [views:do_login] [ERROR] - failure.html
2016-09-27 03:07:29,686 [Thread-60:123145323335680] [blog.views:174] [views:do_login] [ERROR] - failure.html
2016-09-27 06:12:21,554 [Thread-12:123145323335680] [blog.views:206] [views:do_register] [ERROR] - Reverse for '' with arguments '()' and keyword arguments '{}' not found. 0 pattern(s) tried: []
2016-09-27 06:26:43,661 [Thread-12:123145323335680] [blog.views:212] [views:do_register] [ERROR] - '_password' is an invalid keyword argument for this function
2016-09-27 06:27:06,194 [Thread-14:123145323335680] [blog.views:212] [views:do_register] [ERROR] - failure.html
2016-09-27 06:29:16,095 [Thread-12:123145323335680] [blog.views:212] [views:do_register] [ERROR] - failure.html
2016-09-27 06:30:49,768 [Thread-13:123145323335680] [blog.views:212] [views:do_register] [ERROR] - UNIQUE constraint failed: blog_old_project_user.username
2016-09-27 06:40:31,625 [Thread-19:123145323335680] [blog.views:212] [views:do_register] [ERROR] - UNIQUE constraint failed: blog_old_project_user.username
2016-09-29 03:04:25,876 [Thread-114:123145310715904] [blog.views:177] [views:do_login] [ERROR] - failure.html
2016-09-29 03:04:40,943 [Thread-115:123145310715904] [blog.views:177] [views:do_login] [ERROR] - failure.html
2016-09-29 03:07:56,383 [Thread-29:123145323335680] [blog.views:177] [views:do_login] [ERROR] - failure.html
2016-09-29 03:30:12,304 [Thread-12:123145323335680] [blog.views:177] [views:do_login] [ERROR] - Reverse for '' with arguments '()' and keyword arguments '{}' not found. 0 pattern(s) tried: []
2016-09-29 03:32:12,714 [Thread-32:123145323335680] [blog.views:177] [views:do_login] [ERROR] - failure.html
2016-09-29 03:33:08,122 [Thread-34:123145323335680] [blog.views:177] [views:do_login] [ERROR] - failure.html
2016-10-07 12:46:08,037 [Thread-9:123145323335680] [blog.views:122] [views:comment_post] [ERROR] - failure.html
2016-10-07 12:46:13,857 [Thread-11:123145323335680] [blog.views:122] [views:comment_post] [ERROR] - failure.html
2016-10-07 12:46:17,545 [Thread-13:123145323335680] [blog.views:122] [views:comment_post] [ERROR] - failure.html
2016-10-07 12:47:30,343 [Thread-87:123145323335680] [blog.views:122] [views:comment_post] [ERROR] - failure.html
2016-10-07 12:49:46,045 [Thread-143:123145323335680] [blog.views:122] [views:comment_post] [ERROR] - failure.html
2016-10-07 12:49:58,530 [Thread-145:123145323335680] [blog.views:122] [views:comment_post] [ERROR] - failure.html
2016-10-07 15:04:52,958 [Thread-7:123145323335680] [blog.views:235] [views:reply_comment] [ERROR] -  and 不是POST方法
2016-10-07 15:05:13,404 [Thread-7:123145323335680] [blog.views:235] [views:reply_comment] [ERROR] -  and 不是POST方法
2016-10-07 15:06:03,123 [Thread-24:123145323335680] [blog.views:235] [views:reply_comment] [ERROR] -  and 不是POST方法
2016-10-07 15:36:27,315 [Thread-85:123145323335680] [blog.views:244] [views:reply_comment] [ERROR] -  and 不是POST方法
2016-10-07 15:36:27,327 [Thread-87:123145327542272] [blog.views:244] [views:reply_comment] [ERROR] -  and 不是POST方法
2016-10-07 15:36:35,851 [Thread-89:123145335955456] [blog.views:244] [views:reply_comment] [ERROR] -  and 不是POST方法
2016-10-07 15:38:16,999 [Thread-10:123145323335680] [blog.views:245] [views:reply_comment] [ERROR] -  and 不是POST方法
2016-10-07 15:49:31,280 [Thread-53:123145323335680] [blog.views:245] [views:reply_comment] [ERROR] -  and 不是POST方法
2016-10-07 15:49:38,705 [Thread-55:123145323335680] [blog.views:245] [views:reply_comment] [ERROR] -  and 不是POST方法
2016-10-07 15:51:30,271 [Thread-7:123145323335680] [blog.views:243] [views:reply_comment] [ERROR] - Comment matching query does not exist.
2016-10-07 15:51:55,844 [Thread-44:123145323335680] [blog.views:243] [views:reply_comment] [ERROR] - Comment matching query does not exist.
2016-10-07 15:58:14,135 [Thread-64:123145323335680] [blog.views:243] [views:reply_comment] [ERROR] - Comment matching query does not exist.
2016-10-07 16:00:56,188 [Thread-69:123145323335680] [blog.views:243] [views:reply_comment] [ERROR] - Comment matching query does not exist.
2016-10-07 16:01:03,069 [Thread-89:123145323335680] [blog.views:243] [views:reply_comment] [ERROR] - Comment matching query does not exist.
2016-10-08 15:25:55,157 [Thread-47:123145323335680] [blog.views:244] [views:reply_comment] [ERROR] - Comment matching query does not exist.
2016-10-08 15:27:55,587 [Thread-48:123145323335680] [blog.views:244] [views:reply_comment] [ERROR] - Comment matching query does not exist.
2016-10-08 15:27:55,644 [Thread-52:123145327542272] [blog.views:244] [views:reply_comment] [ERROR] - Comment matching query does not exist.
2016-10-08 15:34:59,472 [Thread-126:123145323335680] [blog.views:177] [views:do_login] [ERROR] - failure.html
2016-10-11 13:48:50,199 [Thread-21:123145310715904] [blog.views:282] [views:article_post] [ERROR] - int() argument must be a string or a number, not 'list'
2016-10-11 13:49:42,761 [Thread-36:123145310715904] [blog.views:282] [views:article_post] [ERROR] - int() argument must be a string or a number, not 'list'
2016-10-11 13:50:46,757 [Thread-7:123145323335680] [blog.views:282] [views:article_post] [ERROR] - int() argument must be a string or a number, not 'list'
2016-10-11 13:55:44,759 [Thread-7:123145323335680] [blog.views:281] [views:article_post] [ERROR] - failure.html
2016-10-11 13:56:27,727 [Thread-13:123145327542272] [blog.views:281] [views:article_post] [ERROR] - int() argument must be a string or a number, not 'list'
2016-10-11 14:03:25,831 [Thread-7:123145323335680] [blog.views:283] [views:article_post] [ERROR] - failure.html
